#
# A fatal error has been detected by the Java Runtime Environment:
#
#  EXCEPTION_ACCESS_VIOLATION (0xc0000005) at pc=0x0000025c2bf53404, pid=20576, tid=8688
#
# JRE version: Java(TM) SE Runtime Environment (20.0.2+9) (build 20.0.2+9-78)
# Java VM: Java HotSpot(TM) 64-Bit Server VM (20.0.2+9-78, mixed mode, sharing, tiered, compressed oops, compressed class ptrs, g1 gc, windows-amd64)
# Problematic frame:
# v  ~BufferBlob::MethodHandles adapters 0x0000025c2bf53404
#
# No core dump will be written. Minidumps are not enabled by default on client versions of Windows
#
# If you would like to submit a bug report, please visit:
#   https://bugreport.java.com/bugreport/crash.jsp
#

---------------  S U M M A R Y ------------

Command Line: -agentlib:jdwp=transport=dt_socket,address=127.0.0.1:56354,suspend=y,server=n -javaagent:C:\Users\shaan\AppData\Local\JetBrains\IdeaIC2023.2\captureAgent\debugger-agent.jar -Dfile.encoding=UTF-8 -Dsun.stdout.encoding=UTF-8 -Dsun.stderr.encoding=UTF-8 com.archie.BookMyShow.BookMyShowApplication

Host: Intel(R) Core(TM) i5-10210U CPU @ 1.60GHz, 8 cores, 7G,  Windows 11 , 64 bit Build 22621 (10.0.22621.3235)
Time: Fri Mar 29 00:09:51 2024 India Standard Time elapsed time: 124.221334 seconds (0d 0h 2m 4s)

---------------  T H R E A D  ---------------

Current thread (0x0000025c04dcd550):  JavaThread "http-nio-8080-exec-1" daemon [_thread_in_Java, id=8688, stack(0x000000f09a200000,0x000000f09a300000)]

Stack: [0x000000f09a200000,0x000000f09a300000],  sp=0x000000f09a2fd618,  free space=1013k
Native frames: (J=compiled Java code, j=interpreted, Vv=VM code, C=native code)
C  0x0000025c2bf53404


siginfo: EXCEPTION_ACCESS_VIOLATION (0xc0000005), reading address 0x0000057dcf80cfc2


Registers:
RAX=0x0000025c2bf1ecca, RBX=0x0000000084d9a580, RCX=0x000000f09a2fd620, RDX=0x0000000000000002
RSP=0x000000f09a2fd618, RBP=0x000000f09a2fd668, RSI=0x0000025c0160b928, RDI=0x0000025c01c84250
R8 =0x0000000000000004, R9 =0x0000000000000004, R10=0x0000025c73f21d3a, R11=0x000000642b71d619
R12=0x0000000000000000, R13=0x000000f09a2fd618, R14=0x000000f09a2fd688, R15=0x0000025c04dcd550
RIP=0x0000025c2bf53404, EFLAGS=0x0000000000010206


Register to memory mapping:

RIP=0x0000025c2bf53404 is at begin+45 in a stub
MethodHandle::interpreter_entry::_linkToVirtual [0x0000025c2bf533d7, 0x0000025c2bf5342a] (83 bytes)
RAX=0x0000025c2bf1ecca is at code_begin+4554 in an Interpreter codelet
return entry points  [0x0000025c2bf1db00, 0x0000025c2bf1fb38]  8248 bytes
RBX=0x0000000084d9a580 is an oop: com.archie.BookMyShow.controller.InitController 
{0x0000000084d9a580} - klass: 'com/archie/BookMyShow/controller/InitController'
 - ---- fields (total size 2 words):
 - 'initService' 'Lcom/archie/BookMyShow/service/InitService;' @12  a 'com/archie/BookMyShow/service/InitService'{0x0000000084d9a590} (0x84d9a590)
RCX=0x000000f09a2fd620 is pointing into the stack for thread: 0x0000025c04dcd550
RDX=0x0000000000000002 is an unknown value
RSP=0x000000f09a2fd618 is pointing into the stack for thread: 0x0000025c04dcd550
RBP=0x000000f09a2fd668 is pointing into the stack for thread: 0x0000025c04dcd550
RSI=0x0000025c0160b928 points into unknown readable memory: 0x80001a08f1c1d56e | 6e d5 c1 f1 08 1a 00 80
RDI=0x0000025c01c84250 points into unknown readable memory: 0x0000001800000060 | 60 00 00 00 18 00 00 00
R8 =0x0000000000000004 is an unknown value
R9 =0x0000000000000004 is an unknown value
R10=0x0000025c73f21d3a is an unknown value
R11=0x000000642b71d619 is an unknown value
R12=0x0 is NULL
R13=0x000000f09a2fd618 is pointing into the stack for thread: 0x0000025c04dcd550
R14=0x000000f09a2fd688 is pointing into the stack for thread: 0x0000025c04dcd550
R15=0x0000025c04dcd550 is a thread


Top of Stack: (sp=0x000000f09a2fd618)
0x000000f09a2fd618:   0000025c2bf1ecca 000000f09a2fd620
0x000000f09a2fd628:   0000025c3a321d3a 000000f09a2fd688
0x000000f09a2fd638:   0000025c39cb4350 0000025c7d098d98
0x000000f09a2fd648:   000000008379ec28 0000025c39cb6e98
0x000000f09a2fd658:   000000f09a2fd618 000000f09a2fd690
0x000000f09a2fd668:   000000f09a2fd9b0 0000025c24e0e871
0x000000f09a2fd678:   00000000871399f0 0000000084d9a580
0x000000f09a2fd688:   0000000087139b40 0000000087139d38
0x000000f09a2fd698:   0000025c7af9cef0 000000f09a2fd9b0
0x000000f09a2fd6a8:   0000025c24d1880c 0000000087139d10
0x000000f09a2fd6b8:   0000000084d9a580 0000000087139cc0
0x000000f09a2fd6c8:   0000000087139b40 0000000084d9a580
0x000000f09a2fd6d8:   0000025c24e0e73c 000000f09a2fd9b0
0x000000f09a2fd6e8:   0000025c253821dd 0000025c04dcd550
0x000000f09a2fd6f8:   fffffffe00000000 0000000000000000
0x000000f09a2fd708:   0000000000000000 0000025c04dcd550
0x000000f09a2fd718:   0000025c7e39582f 000000f09a2fd9f8
0x000000f09a2fd728:   0000025c04dcd550 000000000000030e
0x000000f09a2fd738:   00000000000000b6 000000f09a2fd850
0x000000f09a2fd748:   00007ffd6ca3bb5f 0000025c39c44560
0x000000f09a2fd758:   0000000000000000 00000000000003d8
0x000000f09a2fd768:   0000025c00134608 0000025c7ef2e130
0x000000f09a2fd778:   000000000000000d 0000000000000006
0x000000f09a2fd788:   00007ffd6ccc2e38 0000025c7ef2e150
0x000000f09a2fd798:   0000025c7ece4b70 0000025c7ece4b70
0x000000f09a2fd7a8:   0000025c7e6cdd30 0000025c04dcd550
0x000000f09a2fd7b8:   0000025c7e395412 000000f09a2fd880
0x000000f09a2fd7c8:   00007ffd6ccc104c 0000000084deed10
0x000000f09a2fd7d8:   0000000084d9a580 0000000087121c28
0x000000f09a2fd7e8:   0000000000000000 0000000084882968
0x000000f09a2fd7f8:   0000000000000000 0000000087139d38
0x000000f09a2fd808:   0000000000001700 000000000000030e 

Instructions: (pc=0x0000025c2bf53404)
0x0000025c2bf53304:   00 00 00 00 01 00 00 00 00 00 00 00 80 35 fc 6c
0x0000025c2bf53314:   fd 7f 00 00 80 33 f5 2b 5c 02 00 00 00 44 f5 2b
0x0000025c2bf53324:   5c 02 00 00 80 33 f5 2b 5c 02 00 00 00 44 f5 2b
0x0000025c2bf53334:   5c 02 00 00 70 33 f5 2b 5c 02 00 00 70 33 f5 2b
0x0000025c2bf53344:   5c 02 00 00 00 00 00 00 00 00 00 00 18 36 fc 6c
0x0000025c2bf53354:   fd 7f 00 00 f0 10 00 00 60 00 00 00 ff ff ff ff
0x0000025c2bf53364:   f0 10 00 00 00 00 00 00 00 00 00 00 00 00 00 00
0x0000025c2bf53374:   00 00 00 00 00 00 00 00 00 00 00 00 f4 66 66 66
0x0000025c2bf53384:   0f 1f 84 00 00 00 00 00 66 66 66 90 66 66 66 0f
0x0000025c2bf53394:   1f 84 00 00 00 00 00 66 66 66 90 90 48 8b 53 08
0x0000025c2bf533a4:   0f b7 52 2c 48 8b 0c d4 8b 59 14 8b 5b 28 8b 5b
0x0000025c2bf533b4:   24 48 8b 5b 10 48 85 db 0f 84 10 00 00 00 41 80
0x0000025c2bf533c4:   bf 08 05 00 00 00 74 03 ff 63 38 ff 63 50 e9 a9
0x0000025c2bf533d4:   16 00 00 66 0f 1f 84 00 00 00 00 00 48 8b 53 08
0x0000025c2bf533e4:   0f b7 52 2c 48 8b 0c d4 58 5b 50 44 8b 51 08 49
0x0000025c2bf533f4:   bb 00 00 c0 39 5c 02 00 00 4d 03 d3 4c 8b 5b 10
0x0000025c2bf53404:   4b 8b 9c da c0 01 00 00 48 85 db 0f 84 10 00 00
0x0000025c2bf53414:   00 41 80 bf 08 05 00 00 00 74 03 ff 63 38 ff 63
0x0000025c2bf53424:   50 e9 56 16 00 00 66 66 66 0f 1f 84 00 00 00 00
0x0000025c2bf53434:   00 66 66 66 90 0f 1f 80 00 00 00 00 58 5b 50 8b
0x0000025c2bf53444:   5b 24 48 8b 5b 10 48 85 db 0f 84 10 00 00 00 41
0x0000025c2bf53454:   80 bf 08 05 00 00 00 74 03 ff 63 38 ff 63 50 e9
0x0000025c2bf53464:   18 16 00 00 66 66 66 0f 1f 84 00 00 00 00 00 66
0x0000025c2bf53474:   66 66 90 66 0f 1f 84 00 00 00 00 00 48 8b 53 08
0x0000025c2bf53484:   0f b7 52 2c 48 8b 0c d4 58 5b 50 48 3b 01 8b 5b
0x0000025c2bf53494:   24 48 8b 5b 10 48 85 db 0f 84 10 00 00 00 41 80
0x0000025c2bf534a4:   bf 08 05 00 00 00 74 03 ff 63 38 ff 63 50 e9 c9
0x0000025c2bf534b4:   15 00 00 66 0f 1f 84 00 00 00 00 00 48 8b 53 08
0x0000025c2bf534c4:   0f b7 52 2c 48 8b 0c d4 58 5b 50 44 8b 51 08 49
0x0000025c2bf534d4:   bb 00 00 c0 39 5c 02 00 00 4d 03 d3 8b 43 18 48
0x0000025c2bf534e4:   8b 40 10 48 8b 5b 10 45 8b 9a a0 00 00 00 4f 8d
0x0000025c2bf534f4:   9c da c0 01 00 00 4d 8d 14 da 49 8b 1b 48 3b c3 


Stack slot to memory mapping:
stack at sp + 0 slots: 0x0000025c2bf1ecca is at code_begin+4554 in an Interpreter codelet
return entry points  [0x0000025c2bf1db00, 0x0000025c2bf1fb38]  8248 bytes
stack at sp + 1 slots: 0x000000f09a2fd620 is pointing into the stack for thread: 0x0000025c04dcd550
stack at sp + 2 slots: 0x0000025c3a321d3a is pointing into metadata
stack at sp + 3 slots: 0x000000f09a2fd688 is pointing into the stack for thread: 0x0000025c04dcd550
stack at sp + 4 slots: 0x0000025c39cb4350 is pointing into metadata
stack at sp + 5 slots: 0x0000025c7d098d98 is pointing into metadata
stack at sp + 6 slots: 0x000000008379ec28 is an oop: java.lang.Class 
{0x000000008379ec28} - klass: 'java/lang/Class'
 - ---- fields (total size 14 words):
 - private volatile transient 'classRedefinedCount' 'I' @12  0 (0x00000000)
 - abstract internal 'klass' 'J' @16  2595129868072 (0x0000025c39cb3f28)
 - abstract internal 'array_klass' 'J' @24  0 (0x0000000000000000)
 - abstract internal 'oop_size' 'I' @32  14 (0x0000000e)
 - abstract internal 'static_oop_field_count' 'I' @36  0 (0x00000000)
 - private volatile transient 'cachedConstructor' 'Ljava/lang/reflect/Constructor;' @40  NULL (0x00000000)
 - private transient 'name' 'Ljava/lang/String;' @44  "java.lang.invoke.DirectMethodHandle$Holder"{0x000000008379ec98} (0x8379ec98)
 - private transient 'module' 'Ljava/lang/Module;' @48  a 'java/lang/Module'{0x00000000837c4850} (0x837c4850)
 - private final 'classLoader' 'Ljava/lang/ClassLoader;' @52  NULL (0x00000000)
 - private transient 'classData' 'Ljava/lang/Object;' @56  NULL (0x00000000)
 - private transient 'packageName' 'Ljava/lang/String;' @60  NULL (0x00000000)
 - private final 'componentType' 'Ljava/lang/Class;' @64  NULL (0x00000000)
 - private volatile transient 'reflectionData' 'Ljava/lang/ref/SoftReference;' @68  NULL (0x00000000)
 - private volatile transient 'genericInfo' 'Lsun/reflect/generics/repository/ClassRepository;' @72  NULL (0x00000000)
 - private volatile transient 'enumConstants' '[Ljava/lang/Object;' @76  NULL (0x00000000)
 - private volatile transient 'enumConstantDirectory' 'Ljava/util/Map;' @80  NULL (0x00000000)
 - private volatile transient 'annotationData' 'Ljava/lang/Class$AnnotationData;' @84  NULL (0x00000000)
 - private volatile transient 'annotationType' 'Lsun/reflect/annotation/AnnotationType;' @88  NULL (0x00000000)
 - transient 'classValueMap' 'Ljava/lang/ClassValue$ClassValueMap;' @92  NULL (0x00000000)
 - abstract internal 'protection_domain' 'Ljava/lang/Object;' @96  NULL (0x00000000)
 - abstract internal 'signers_name' 'Ljava/lang/Object;' @100  NULL (0x00000000)
 - abstract internal 'source_file' 'Ljava/lang/Object;' @104  NULL (0x00000000)
 - signature: Ljava/lang/invoke/DirectMethodHandle$Holder;
 - ---- static fields (0):
stack at sp + 7 slots: {method} {0x0000025c39cb6ea0} 'invokeVirtual' '(Ljava/lang/Object;Ljava/lang/Object;)Ljava/lang/Object;' in 'java/lang/invoke/DirectMethodHandle$Holder'

MethodHandle::interpreter_entry::_linkToVirtual [0x0000025c2bf533d7, 0x0000025c2bf5342a] (83 bytes)
[MachCode]
  0x0000025c2bf533d7: 660f 1f84 | 0000 0000 | 0048 8b53 | 080f b752 | 2c48 8b0c | d458 5b50 | 448b 5108 | 49bb 0000 
  0x0000025c2bf533f7: c039 5c02 | 0000 4d03 | d34c 8b5b | 104b 8b9c | dac0 0100 | 0048 85db | 0f84 1000 | 0000 4180 
  0x0000025c2bf53417: bf08 0500 | 0000 7403 | ff63 38ff | 6350 e956 | 
[/MachCode]

---------------  P R O C E S S  ---------------

Threads class SMR info:
_java_thread_list=0x0000025c03798ac0, length=30, elements={
0x0000025c392dd430, 0x0000025c392de2d0, 0x0000025c392e0a80, 0x0000025c392e25d0,
0x0000025c392e5020, 0x0000025c392ea790, 0x0000025c392ec270, 0x0000025c7ec081c0,
0x0000025c7ed17d10, 0x0000025c7eea3550, 0x0000025c7eea6720, 0x0000025c7ed187b0,
0x0000025c7ed15d30, 0x0000025c7ed16280, 0x0000025c7ed16d20, 0x0000025c7ed18d00,
0x0000025c7ed167d0, 0x0000025c04dcd550, 0x0000025c04dcb020, 0x0000025c04dca580,
0x0000025c04dcc560, 0x0000025c04dc85a0, 0x0000025c04dcb570, 0x0000025c04dccab0,
0x0000025c04dcbac0, 0x0000025c04dc8af0, 0x0000025c04dc9ae0, 0x0000025c04dcdaa0,
0x0000025c04dc9040, 0x0000025c04dca030
}

Java Threads: ( => current thread )
  0x0000025c392dd430 JavaThread "Reference Handler" daemon [_thread_blocked, id=13056, stack(0x000000f098400000,0x000000f098500000)]
  0x0000025c392de2d0 JavaThread "Finalizer" daemon [_thread_blocked, id=13416, stack(0x000000f098500000,0x000000f098600000)]
  0x0000025c392e0a80 JavaThread "Signal Dispatcher" daemon [_thread_blocked, id=21304, stack(0x000000f098600000,0x000000f098700000)]
  0x0000025c392e25d0 JavaThread "Attach Listener" daemon [_thread_blocked, id=19636, stack(0x000000f098700000,0x000000f098800000)]
  0x0000025c392e5020 JavaThread "Service Thread" daemon [_thread_blocked, id=7980, stack(0x000000f098800000,0x000000f098900000)]
  0x0000025c392ea790 JavaThread "Monitor Deflation Thread" daemon [_thread_blocked, id=20716, stack(0x000000f098900000,0x000000f098a00000)]
  0x0000025c392ec270 JavaThread "C2 CompilerThread0" daemon [_thread_blocked, id=11928, stack(0x000000f098a00000,0x000000f098b00000)]
  0x0000025c7ec081c0 JavaThread "C1 CompilerThread0" daemon [_thread_blocked, id=19380, stack(0x000000f098b00000,0x000000f098c00000)]
  0x0000025c7ed17d10 JavaThread "Common-Cleaner" daemon [_thread_blocked, id=2660, stack(0x000000f098c00000,0x000000f098d00000)]
  0x0000025c7eea3550 JavaThread "JDWP Transport Listener: dt_socket" daemon [_thread_blocked, id=6964, stack(0x000000f098d00000,0x000000f098e00000)]
  0x0000025c7eea6720 JavaThread "JDWP Event Helper Thread" daemon [_thread_blocked, id=18408, stack(0x000000f098e00000,0x000000f098f00000)]
  0x0000025c7ed187b0 JavaThread "Notification Thread" daemon [_thread_blocked, id=16104, stack(0x000000f099000000,0x000000f099100000)]
  0x0000025c7ed15d30 JavaThread "Catalina-utility-1" [_thread_blocked, id=20604, stack(0x000000f099c00000,0x000000f099d00000)]
  0x0000025c7ed16280 JavaThread "Catalina-utility-2" [_thread_blocked, id=14704, stack(0x000000f099d00000,0x000000f099e00000)]
  0x0000025c7ed16d20 JavaThread "container-0" [_thread_blocked, id=20560, stack(0x000000f099e00000,0x000000f099f00000)]
  0x0000025c7ed18d00 JavaThread "mysql-cj-abandoned-connection-cleanup" daemon [_thread_blocked, id=13656, stack(0x000000f099f00000,0x000000f09a000000)]
  0x0000025c7ed167d0 JavaThread "HikariPool-1 housekeeper" daemon [_thread_blocked, id=20920, stack(0x000000f09a100000,0x000000f09a200000)]
=>0x0000025c04dcd550 JavaThread "http-nio-8080-exec-1" daemon [_thread_in_Java, id=8688, stack(0x000000f09a200000,0x000000f09a300000)]
  0x0000025c04dcb020 JavaThread "http-nio-8080-exec-2" daemon [_thread_blocked, id=14160, stack(0x000000f09a300000,0x000000f09a400000)]
  0x0000025c04dca580 JavaThread "http-nio-8080-exec-3" daemon [_thread_blocked, id=21420, stack(0x000000f09a400000,0x000000f09a500000)]
  0x0000025c04dcc560 JavaThread "http-nio-8080-exec-4" daemon [_thread_blocked, id=10204, stack(0x000000f09a500000,0x000000f09a600000)]
  0x0000025c04dc85a0 JavaThread "http-nio-8080-exec-5" daemon [_thread_blocked, id=6492, stack(0x000000f09a600000,0x000000f09a700000)]
  0x0000025c04dcb570 JavaThread "http-nio-8080-exec-6" daemon [_thread_blocked, id=8372, stack(0x000000f09a700000,0x000000f09a800000)]
  0x0000025c04dccab0 JavaThread "http-nio-8080-exec-7" daemon [_thread_blocked, id=10792, stack(0x000000f09a800000,0x000000f09a900000)]
  0x0000025c04dcbac0 JavaThread "http-nio-8080-exec-8" daemon [_thread_blocked, id=5820, stack(0x000000f09a900000,0x000000f09aa00000)]
  0x0000025c04dc8af0 JavaThread "http-nio-8080-exec-9" daemon [_thread_blocked, id=21064, stack(0x000000f09aa00000,0x000000f09ab00000)]
  0x0000025c04dc9ae0 JavaThread "http-nio-8080-exec-10" daemon [_thread_blocked, id=2232, stack(0x000000f09ab00000,0x000000f09ac00000)]
  0x0000025c04dcdaa0 JavaThread "http-nio-8080-Poller" daemon [_thread_in_native, id=20596, stack(0x000000f09ac00000,0x000000f09ad00000)]
  0x0000025c04dc9040 JavaThread "http-nio-8080-Acceptor" daemon [_thread_in_native, id=21496, stack(0x000000f09ad00000,0x000000f09ae00000)]
  0x0000025c04dca030 JavaThread "DestroyJavaVM" [_thread_blocked, id=16784, stack(0x000000f097d00000,0x000000f097e00000)]

Other Threads:
  0x0000025c392bc520 VMThread "VM Thread" [stack: 0x000000f098300000,0x000000f098400000] [id=17360] _threads_hazard_ptr=0x0000025c03798ac0
  0x0000025c7ef001a0 WatcherThread "VM Periodic Task Thread" [stack: 0x000000f099100000,0x000000f099200000] [id=21280]
  0x0000025c1b19c340 WorkerThread "GC Thread#0" [stack: 0x000000f097e00000,0x000000f097f00000] [id=19300]
  0x0000025c000cb350 WorkerThread "GC Thread#1" [stack: 0x000000f099300000,0x000000f099400000] [id=21196]
  0x0000025c000ae260 WorkerThread "GC Thread#2" [stack: 0x000000f099400000,0x000000f099500000] [id=15508]
  0x0000025c00121500 WorkerThread "GC Thread#3" [stack: 0x000000f099500000,0x000000f099600000] [id=288]
  0x0000025c001217d0 WorkerThread "GC Thread#4" [stack: 0x000000f099600000,0x000000f099700000] [id=16260]
  0x0000025c00121aa0 WorkerThread "GC Thread#5" [stack: 0x000000f099700000,0x000000f099800000] [id=20368]
  0x0000025c00129190 WorkerThread "GC Thread#6" [stack: 0x000000f099800000,0x000000f099900000] [id=9772]
  0x0000025c00129a00 WorkerThread "GC Thread#7" [stack: 0x000000f099900000,0x000000f099a00000] [id=4748]
  0x0000025c1b1eb010 ConcurrentGCThread "G1 Main Marker" [stack: 0x000000f097f00000,0x000000f098000000] [id=4404]
  0x0000025c1b1ec1e0 WorkerThread "G1 Conc#0" [stack: 0x000000f098000000,0x000000f098100000] [id=20064]
  0x0000025c00127de0 WorkerThread "G1 Conc#1" [stack: 0x000000f099b00000,0x000000f099c00000] [id=736]
  0x0000025c39178070 ConcurrentGCThread "G1 Refine#0" [stack: 0x000000f098100000,0x000000f098200000] [id=8760]
  0x0000025c39178b10 ConcurrentGCThread "G1 Service" [stack: 0x000000f098200000,0x000000f098300000] [id=18484]

Threads with active compile tasks:

VM state: synchronizing (normal execution)

VM Mutex/Monitor currently owned by a thread:  ([mutex/lock_event])
[0x0000025c1b138470] Threads_lock - owner thread: 0x0000025c392bc520

Heap address: 0x0000000083400000, size: 1996 MB, Compressed Oops mode: 32-bit

CDS archive(s) mapped at: [0x0000025c39c00000-0x0000025c3a860000-0x0000025c3a860000), size 12976128, SharedBaseAddress: 0x0000025c39c00000, ArchiveRelocationMode: 1.
Compressed class space mapped at: 0x0000025c3ac00000-0x0000025c7ac00000, reserved size: 1073741824
Narrow klass base: 0x0000025c39c00000, Narrow klass shift: 0, Narrow klass range: 0x100000000

GC Precious Log:
 CardTable entry size: 512
 Card Set container configuration: InlinePtr #cards 5 size 8 Array Of Cards #cards 12 size 40 Howl #buckets 4 coarsen threshold 1843 Howl Bitmap #cards 512 size 80 coarsen threshold 460 Card regions per heap region 1 cards per card region 2048
 CPUs: 8 total, 8 available
 Memory: 7979M
 Large Page Support: Disabled
 NUMA Support: Disabled
 Compressed Oops: Enabled (32-bit)
 Heap Region Size: 1M
 Heap Min Capacity: 8M
 Heap Initial Capacity: 126M
 Heap Max Capacity: 1996M
 Pre-touch: Disabled
 Parallel Workers: 8
 Concurrent Workers: 2
 Concurrent Refinement Workers: 8
 Periodic GC: Disabled

Heap:
 garbage-first heap   total 53248K, used 45679K [0x0000000083400000, 0x0000000100000000)
  region size 1024K, 18 young (18432K), 1 survivors (1024K)
 Metaspace       used 71184K, committed 71872K, reserved 1114112K
  class space    used 9236K, committed 9536K, reserved 1048576K

Heap Regions: E=young(eden), S=young(survivor), O=old, HS=humongous(starts), HC=humongous(continues), CS=collection set, F=free, OA=open archive, CA=closed archive, TAMS=top-at-mark-start, PB=parsable bottom
|   0|0x0000000083400000, 0x0000000083500000, 0x0000000083500000|100%|HS|  |TAMS 0x0000000083400000| PB 0x0000000083400000| Complete 
|   1|0x0000000083500000, 0x0000000083600000, 0x0000000083600000|100%| O|  |TAMS 0x0000000083500000| PB 0x0000000083500000| Untracked 
|   2|0x0000000083600000, 0x0000000083700000, 0x0000000083700000|100%| O|  |TAMS 0x0000000083600000| PB 0x0000000083600000| Untracked 
|   3|0x0000000083700000, 0x0000000083800000, 0x0000000083800000|100%| O|  |TAMS 0x0000000083700000| PB 0x0000000083700000| Untracked 
|   4|0x0000000083800000, 0x0000000083900000, 0x0000000083900000|100%| O|  |TAMS 0x0000000083800000| PB 0x0000000083800000| Untracked 
|   5|0x0000000083900000, 0x0000000083a00000, 0x0000000083a00000|100%| O|  |TAMS 0x0000000083900000| PB 0x0000000083900000| Untracked 
|   6|0x0000000083a00000, 0x0000000083b00000, 0x0000000083b00000|100%| O|  |TAMS 0x0000000083a00000| PB 0x0000000083a00000| Untracked 
|   7|0x0000000083b00000, 0x0000000083c00000, 0x0000000083c00000|100%| O|  |TAMS 0x0000000083b00000| PB 0x0000000083b00000| Untracked 
|   8|0x0000000083c00000, 0x0000000083d00000, 0x0000000083d00000|100%| O|  |TAMS 0x0000000083c00000| PB 0x0000000083c00000| Untracked 
|   9|0x0000000083d00000, 0x0000000083e00000, 0x0000000083e00000|100%| O|  |TAMS 0x0000000083d00000| PB 0x0000000083d00000| Untracked 
|  10|0x0000000083e00000, 0x0000000083f00000, 0x0000000083f00000|100%| O|  |TAMS 0x0000000083e00000| PB 0x0000000083e00000| Untracked 
|  11|0x0000000083f00000, 0x0000000084000000, 0x0000000084000000|100%| O|  |TAMS 0x0000000083f00000| PB 0x0000000083f00000| Untracked 
|  12|0x0000000084000000, 0x0000000084100000, 0x0000000084100000|100%| O|  |TAMS 0x0000000084000000| PB 0x0000000084000000| Complete 
|  13|0x0000000084100000, 0x0000000084200000, 0x0000000084200000|100%| O|  |TAMS 0x0000000084100000| PB 0x0000000084100000| Untracked 
|  14|0x0000000084200000, 0x0000000084300000, 0x0000000084300000|100%| O|  |TAMS 0x0000000084200000| PB 0x0000000084200000| Untracked 
|  15|0x0000000084300000, 0x0000000084400000, 0x0000000084400000|100%| O|  |TAMS 0x0000000084300000| PB 0x0000000084300000| Untracked 
|  16|0x0000000084400000, 0x0000000084500000, 0x0000000084500000|100%| O|  |TAMS 0x0000000084400000| PB 0x0000000084400000| Untracked 
|  17|0x0000000084500000, 0x0000000084600000, 0x0000000084600000|100%| O|  |TAMS 0x0000000084500000| PB 0x0000000084500000| Untracked 
|  18|0x0000000084600000, 0x0000000084700000, 0x0000000084700000|100%| O|  |TAMS 0x0000000084600000| PB 0x0000000084600000| Untracked 
|  19|0x0000000084700000, 0x0000000084800000, 0x0000000084800000|100%| O|  |TAMS 0x0000000084700000| PB 0x0000000084700000| Untracked 
|  20|0x0000000084800000, 0x0000000084900000, 0x0000000084900000|100%| O|  |TAMS 0x0000000084800000| PB 0x0000000084800000| Untracked 
|  21|0x0000000084900000, 0x0000000084a00000, 0x0000000084a00000|100%| O|  |TAMS 0x0000000084900000| PB 0x0000000084900000| Untracked 
|  22|0x0000000084a00000, 0x0000000084b00000, 0x0000000084b00000|100%| O|  |TAMS 0x0000000084a00000| PB 0x0000000084a00000| Untracked 
|  23|0x0000000084b00000, 0x0000000084c00000, 0x0000000084c00000|100%| O|  |TAMS 0x0000000084b00000| PB 0x0000000084b00000| Untracked 
|  24|0x0000000084c00000, 0x0000000084d00000, 0x0000000084d00000|100%| O|  |TAMS 0x0000000084c00000| PB 0x0000000084c00000| Untracked 
|  25|0x0000000084d00000, 0x0000000084e00000, 0x0000000084e00000|100%| O|  |TAMS 0x0000000084d00000| PB 0x0000000084d00000| Untracked 
|  26|0x0000000084e00000, 0x0000000084f00000, 0x0000000084f00000|100%| O|  |TAMS 0x0000000084e00000| PB 0x0000000084e00000| Untracked 
|  27|0x0000000084f00000, 0x0000000085000000, 0x0000000085000000|100%| O|  |TAMS 0x0000000084f00000| PB 0x0000000084f00000| Untracked 
|  28|0x0000000085000000, 0x00000000850a9200, 0x0000000085100000| 66%| O|  |TAMS 0x0000000085000000| PB 0x0000000085000000| Untracked 
|  29|0x0000000085100000, 0x0000000085100000, 0x0000000085200000|  0%| F|  |TAMS 0x0000000085100000| PB 0x0000000085100000| Untracked 
|  30|0x0000000085200000, 0x0000000085200000, 0x0000000085300000|  0%| F|  |TAMS 0x0000000085200000| PB 0x0000000085200000| Untracked 
|  31|0x0000000085300000, 0x0000000085300000, 0x0000000085400000|  0%| F|  |TAMS 0x0000000085300000| PB 0x0000000085300000| Untracked 
|  32|0x0000000085400000, 0x0000000085400000, 0x0000000085500000|  0%| F|  |TAMS 0x0000000085400000| PB 0x0000000085400000| Untracked 
|  33|0x0000000085500000, 0x0000000085500000, 0x0000000085600000|  0%| F|  |TAMS 0x0000000085500000| PB 0x0000000085500000| Untracked 
|  34|0x0000000085600000, 0x00000000856ff428, 0x0000000085700000| 99%| E|  |TAMS 0x0000000085600000| PB 0x0000000085600000| Complete 
|  35|0x0000000085700000, 0x00000000857f2b20, 0x0000000085800000| 94%| S|CS|TAMS 0x0000000085700000| PB 0x0000000085700000| Complete 
|  36|0x0000000085800000, 0x0000000085900000, 0x0000000085900000|100%| E|CS|TAMS 0x0000000085800000| PB 0x0000000085800000| Complete 
|  37|0x0000000085900000, 0x0000000085a00000, 0x0000000085a00000|100%| E|CS|TAMS 0x0000000085900000| PB 0x0000000085900000| Complete 
|  38|0x0000000085a00000, 0x0000000085b00000, 0x0000000085b00000|100%| E|CS|TAMS 0x0000000085a00000| PB 0x0000000085a00000| Complete 
|  39|0x0000000085b00000, 0x0000000085c00000, 0x0000000085c00000|100%| E|CS|TAMS 0x0000000085b00000| PB 0x0000000085b00000| Complete 
|  40|0x0000000085c00000, 0x0000000085d00000, 0x0000000085d00000|100%| E|CS|TAMS 0x0000000085c00000| PB 0x0000000085c00000| Complete 
|  41|0x0000000085d00000, 0x0000000085e00000, 0x0000000085e00000|100%| E|  |TAMS 0x0000000085d00000| PB 0x0000000085d00000| Complete 
|  42|0x0000000085e00000, 0x0000000085f00000, 0x0000000085f00000|100%| E|CS|TAMS 0x0000000085e00000| PB 0x0000000085e00000| Complete 
|  43|0x0000000085f00000, 0x0000000086000000, 0x0000000086000000|100%| E|CS|TAMS 0x0000000085f00000| PB 0x0000000085f00000| Complete 
|  57|0x0000000086d00000, 0x0000000086e00000, 0x0000000086e00000|100%| E|CS|TAMS 0x0000000086d00000| PB 0x0000000086d00000| Complete 
|  58|0x0000000086e00000, 0x0000000086f00000, 0x0000000086f00000|100%| E|CS|TAMS 0x0000000086e00000| PB 0x0000000086e00000| Complete 
|  59|0x0000000086f00000, 0x0000000087000000, 0x0000000087000000|100%| E|CS|TAMS 0x0000000086f00000| PB 0x0000000086f00000| Complete 
|  60|0x0000000087000000, 0x0000000087100000, 0x0000000087100000|100%| E|CS|TAMS 0x0000000087000000| PB 0x0000000087000000| Complete 
|  61|0x0000000087100000, 0x0000000087200000, 0x0000000087200000|100%| E|CS|TAMS 0x0000000087100000| PB 0x0000000087100000| Complete 
|  62|0x0000000087200000, 0x0000000087300000, 0x0000000087300000|100%| E|CS|TAMS 0x0000000087200000| PB 0x0000000087200000| Complete 
|  63|0x0000000087300000, 0x0000000087400000, 0x0000000087400000|100%| E|CS|TAMS 0x0000000087300000| PB 0x0000000087300000| Complete 
| 125|0x000000008b100000, 0x000000008b200000, 0x000000008b200000|100%| E|CS|TAMS 0x000000008b100000| PB 0x000000008b100000| Complete 

Card table byte_map: [0x0000025c34840000,0x0000025c34c30000] _byte_map_base: 0x0000025c34426000

Marking Bits: (CMBitMap*) 0x0000025c1b19c970
 Bits: [0x0000025c35020000, 0x0000025c36f50000)

Polling page: 0x0000025c1b1f0000

Metaspace:

Usage:
  Non-class:     60.50 MB used.
      Class:      9.02 MB used.
       Both:     69.52 MB used.

Virtual space:
  Non-class space:       64.00 MB reserved,      60.88 MB ( 95%) committed,  1 nodes.
      Class space:        1.00 GB reserved,       9.31 MB ( <1%) committed,  1 nodes.
             Both:        1.06 GB reserved,      70.19 MB (  6%) committed. 

Chunk freelists:
   Non-Class:  2.47 MB
       Class:  2.73 MB
        Both:  5.20 MB

MaxMetaspaceSize: unlimited
CompressedClassSpaceSize: 1.00 GB
Initial GC threshold: 21.00 MB
Current GC threshold: 110.62 MB
CDS: on
MetaspaceReclaimPolicy: balanced
 - commit_granule_bytes: 65536.
 - commit_granule_words: 8192.
 - virtual_space_node_default_size: 8388608.
 - enlarge_chunks_in_place: 1.
 - new_chunks_are_fully_committed: 0.
 - uncommit_free_chunks: 1.
 - use_allocation_guard: 0.


Internal statistics:

num_allocs_failed_limit: 9.
num_arena_births: 952.
num_arena_deaths: 0.
num_vsnodes_births: 2.
num_vsnodes_deaths: 0.
num_space_committed: 1123.
num_space_uncommitted: 0.
num_chunks_returned_to_freelist: 9.
num_chunks_taken_from_freelist: 3409.
num_chunk_merges: 9.
num_chunk_splits: 2445.
num_chunks_enlarged: 1903.
num_inconsistent_stats: 0.

CodeHeap 'non-profiled nmethods': size=120000Kb used=4362Kb max_used=4430Kb free=115637Kb
 bounds [0x0000025c2c4a0000, 0x0000025c2c900000, 0x0000025c339d0000]
CodeHeap 'profiled nmethods': size=120000Kb used=12650Kb max_used=12650Kb free=107349Kb
 bounds [0x0000025c249d0000, 0x0000025c25630000, 0x0000025c2bf00000]
CodeHeap 'non-nmethods': size=5760Kb used=1845Kb max_used=1929Kb free=3915Kb
 bounds [0x0000025c2bf00000, 0x0000025c2c170000, 0x0000025c2c4a0000]
 total_blobs=7333 nmethods=6591 adapters=651
 compilation: enabled
              stopped_count=0, restarted_count=0
 full_count=0

Compilation events (20 events):
Event: 97.993 Thread 0x0000025c392ec270 nmethod 7660 0x0000025c2c712d10 code [0x0000025c2c7130c0, 0x0000025c2c7149e0]
Event: 97.993 Thread 0x0000025c392ec270 7678       4       java.lang.invoke.Invokers::maybeCustomize (5 bytes)
Event: 97.994 Thread 0x0000025c392ec270 nmethod 7678 0x0000025c2c699890 code [0x0000025c2c699a00, 0x0000025c2c699ae0]
Event: 97.994 Thread 0x0000025c392ec270 7672       4       java.util.Collections$UnmodifiableCollection::iterator (9 bytes)
Event: 97.996 Thread 0x0000025c392ec270 nmethod 7672 0x0000025c2c699410 code [0x0000025c2c699580, 0x0000025c2c699780]
Event: 97.996 Thread 0x0000025c392ec270 7670       4       java.util.RegularEnumSet::isEmpty (15 bytes)
Event: 97.997 Thread 0x0000025c392ec270 nmethod 7670 0x0000025c2c699110 code [0x0000025c2c699280, 0x0000025c2c699338]
Event: 98.008 Thread 0x0000025c0162e8a0 nmethod 7671 0x0000025c2c70f510 code [0x0000025c2c70f8e0, 0x0000025c2c7115a0]
Event: 98.255 Thread 0x0000025c7ec081c0 7683       1       org.springframework.aop.support.DefaultPointcutAdvisor::getPointcut (5 bytes)
Event: 98.255 Thread 0x0000025c7ec081c0 nmethod 7683 0x0000025c2c698e10 code [0x0000025c2c698f80, 0x0000025c2c699048]
Event: 98.257 Thread 0x0000025c7ec081c0 7684       1       org.springframework.aop.framework.ReflectiveMethodInvocation::getMethod (5 bytes)
Event: 98.258 Thread 0x0000025c7ec081c0 nmethod 7684 0x0000025c2c698990 code [0x0000025c2c698b00, 0x0000025c2c698bc8]
Event: 103.892 Thread 0x0000025c7ec081c0 7685       3       java.util.concurrent.locks.AbstractQueuedSynchronizer$Node::clearStatus (12 bytes)
Event: 103.893 Thread 0x0000025c7ec081c0 nmethod 7685 0x0000025c2562c490 code [0x0000025c2562c620, 0x0000025c2562c7b8]
Event: 104.251 Thread 0x0000025c7ec081c0 7687       1       com.intellij.rt.debugger.agent.CaptureStorage$HardKey::hashCode (5 bytes)
Event: 104.252 Thread 0x0000025c7ec081c0 nmethod 7687 0x0000025c2c70ef10 code [0x0000025c2c70f080, 0x0000025c2c70f148]
Event: 104.252 Thread 0x0000025c7ec081c0 7688   !   3       java.util.concurrent.locks.AbstractQueuedSynchronizer::tryInitializeHead (66 bytes)
Event: 104.253 Thread 0x0000025c7ec081c0 nmethod 7688 0x0000025c2562c890 code [0x0000025c2562ca60, 0x0000025c2562d048]
Event: 124.216 Thread 0x0000025c7ec081c0 7689       3       java.util.concurrent.locks.AbstractQueuedSynchronizer$ConditionObject::signal (34 bytes)
Event: 124.216 Thread 0x0000025c7ec081c0 nmethod 7689 0x0000025c2562d210 code [0x0000025c2562d3e0, 0x0000025c2562d740]

GC Heap History (20 events):
Event: 6.197 GC heap before
{Heap before GC invocations=10 (full 0):
 garbage-first heap   total 51200K, used 42356K [0x0000000083400000, 0x0000000100000000)
  region size 1024K, 26 young (26624K), 4 survivors (4096K)
 Metaspace       used 48613K, committed 49152K, reserved 1114112K
  class space    used 6072K, committed 6336K, reserved 1048576K
}
Event: 6.201 GC heap after
{Heap after GC invocations=11 (full 0):
 garbage-first heap   total 51200K, used 22106K [0x0000000083400000, 0x0000000100000000)
  region size 1024K, 2 young (2048K), 2 survivors (2048K)
 Metaspace       used 48613K, committed 49152K, reserved 1114112K
  class space    used 6072K, committed 6336K, reserved 1048576K
}
Event: 6.740 GC heap before
{Heap before GC invocations=11 (full 0):
 garbage-first heap   total 51200K, used 43610K [0x0000000083400000, 0x0000000100000000)
  region size 1024K, 24 young (24576K), 2 survivors (2048K)
 Metaspace       used 54755K, committed 55296K, reserved 1114112K
  class space    used 7080K, committed 7296K, reserved 1048576K
}
Event: 6.742 GC heap after
{Heap after GC invocations=12 (full 0):
 garbage-first heap   total 51200K, used 23180K [0x0000000083400000, 0x0000000100000000)
  region size 1024K, 2 young (2048K), 2 survivors (2048K)
 Metaspace       used 54755K, committed 55296K, reserved 1114112K
  class space    used 7080K, committed 7296K, reserved 1048576K
}
Event: 7.369 GC heap before
{Heap before GC invocations=12 (full 0):
 garbage-first heap   total 51200K, used 43660K [0x0000000083400000, 0x0000000100000000)
  region size 1024K, 23 young (23552K), 2 survivors (2048K)
 Metaspace       used 57509K, committed 58112K, reserved 1114112K
  class space    used 7424K, committed 7680K, reserved 1048576K
}
Event: 7.371 GC heap after
{Heap after GC invocations=13 (full 0):
 garbage-first heap   total 51200K, used 23695K [0x0000000083400000, 0x0000000100000000)
  region size 1024K, 2 young (2048K), 2 survivors (2048K)
 Metaspace       used 57509K, committed 58112K, reserved 1114112K
  class space    used 7424K, committed 7680K, reserved 1048576K
}
Event: 10.001 GC heap before
{Heap before GC invocations=13 (full 0):
 garbage-first heap   total 51200K, used 35983K [0x0000000083400000, 0x0000000100000000)
  region size 1024K, 15 young (15360K), 2 survivors (2048K)
 Metaspace       used 59786K, committed 60288K, reserved 1114112K
  class space    used 7710K, committed 7936K, reserved 1048576K
}
Event: 10.005 GC heap after
{Heap after GC invocations=14 (full 0):
 garbage-first heap   total 51200K, used 24935K [0x0000000083400000, 0x0000000100000000)
  region size 1024K, 3 young (3072K), 3 survivors (3072K)
 Metaspace       used 59786K, committed 60288K, reserved 1114112K
  class space    used 7710K, committed 7936K, reserved 1048576K
}
Event: 10.489 GC heap before
{Heap before GC invocations=15 (full 0):
 garbage-first heap   total 51200K, used 44391K [0x0000000083400000, 0x0000000100000000)
  region size 1024K, 22 young (22528K), 3 survivors (3072K)
 Metaspace       used 61856K, committed 62400K, reserved 1114112K
  class space    used 8010K, committed 8256K, reserved 1048576K
}
Event: 10.494 GC heap after
{Heap after GC invocations=16 (full 0):
 garbage-first heap   total 51200K, used 26391K [0x0000000083400000, 0x0000000100000000)
  region size 1024K, 3 young (3072K), 3 survivors (3072K)
 Metaspace       used 61856K, committed 62400K, reserved 1114112K
  class space    used 8010K, committed 8256K, reserved 1048576K
}
Event: 10.683 GC heap before
{Heap before GC invocations=16 (full 0):
 garbage-first heap   total 51200K, used 43799K [0x0000000083400000, 0x0000000100000000)
  region size 1024K, 20 young (20480K), 3 survivors (3072K)
 Metaspace       used 62996K, committed 63616K, reserved 1114112K
  class space    used 8163K, committed 8448K, reserved 1048576K
}
Event: 10.689 GC heap after
{Heap after GC invocations=17 (full 0):
 garbage-first heap   total 51200K, used 26772K [0x0000000083400000, 0x0000000100000000)
  region size 1024K, 3 young (3072K), 3 survivors (3072K)
 Metaspace       used 62996K, committed 63616K, reserved 1114112K
  class space    used 8163K, committed 8448K, reserved 1048576K
}
Event: 10.776 GC heap before
{Heap before GC invocations=17 (full 0):
 garbage-first heap   total 51200K, used 44180K [0x0000000083400000, 0x0000000100000000)
  region size 1024K, 20 young (20480K), 3 survivors (3072K)
 Metaspace       used 63143K, committed 63808K, reserved 1114112K
  class space    used 8171K, committed 8448K, reserved 1048576K
}
Event: 10.779 GC heap after
{Heap after GC invocations=18 (full 0):
 garbage-first heap   total 51200K, used 27154K [0x0000000083400000, 0x0000000100000000)
  region size 1024K, 2 young (2048K), 2 survivors (2048K)
 Metaspace       used 63143K, committed 63808K, reserved 1114112K
  class space    used 8171K, committed 8448K, reserved 1048576K
}
Event: 11.042 GC heap before
{Heap before GC invocations=19 (full 0):
 garbage-first heap   total 53248K, used 43538K [0x0000000083400000, 0x0000000100000000)
  region size 1024K, 18 young (18432K), 2 survivors (2048K)
 Metaspace       used 63941K, committed 64576K, reserved 1114112K
  class space    used 8277K, committed 8576K, reserved 1048576K
}
Event: 11.044 GC heap after
{Heap after GC invocations=20 (full 0):
 garbage-first heap   total 53248K, used 28187K [0x0000000083400000, 0x0000000100000000)
  region size 1024K, 3 young (3072K), 3 survivors (3072K)
 Metaspace       used 63941K, committed 64576K, reserved 1114112K
  class space    used 8277K, committed 8576K, reserved 1048576K
}
Event: 11.390 GC heap before
{Heap before GC invocations=20 (full 0):
 garbage-first heap   total 53248K, used 43547K [0x0000000083400000, 0x0000000100000000)
  region size 1024K, 19 young (19456K), 3 survivors (3072K)
 Metaspace       used 65771K, committed 66432K, reserved 1114112K
  class space    used 8512K, committed 8832K, reserved 1048576K
}
Event: 11.394 GC heap after
{Heap after GC invocations=21 (full 0):
 garbage-first heap   total 53248K, used 29487K [0x0000000083400000, 0x0000000100000000)
  region size 1024K, 3 young (3072K), 3 survivors (3072K)
 Metaspace       used 65771K, committed 66432K, reserved 1114112K
  class space    used 8512K, committed 8832K, reserved 1048576K
}
Event: 97.480 GC heap before
{Heap before GC invocations=21 (full 0):
 garbage-first heap   total 53248K, used 44847K [0x0000000083400000, 0x0000000100000000)
  region size 1024K, 19 young (19456K), 3 survivors (3072K)
 Metaspace       used 67105K, committed 67776K, reserved 1114112K
  class space    used 8666K, committed 8960K, reserved 1048576K
}
Event: 97.484 GC heap after
{Heap after GC invocations=22 (full 0):
 garbage-first heap   total 53248K, used 30319K [0x0000000083400000, 0x0000000100000000)
  region size 1024K, 1 young (1024K), 1 survivors (1024K)
 Metaspace       used 67105K, committed 67776K, reserved 1114112K
  class space    used 8666K, committed 8960K, reserved 1048576K
}

Dll operation events (13 events):
Event: 0.016 Loaded shared library C:\Program Files\Java\jdk-20\bin\java.dll
Event: 0.018 Loaded shared library C:\Program Files\Java\jdk-20\bin\zip.dll
Event: 0.042 Loaded shared library C:\Program Files\Java\jdk-20\bin\jsvml.dll
Event: 0.200 Loaded shared library C:\Program Files\Java\jdk-20\bin\instrument.dll
Event: 0.258 Loaded shared library C:\Program Files\Java\jdk-20\bin\net.dll
Event: 0.260 Loaded shared library C:\Program Files\Java\jdk-20\bin\nio.dll
Event: 0.270 Loaded shared library C:\Program Files\Java\jdk-20\bin\zip.dll
Event: 0.428 Loaded shared library C:\Program Files\Java\jdk-20\bin\jimage.dll
Event: 1.743 Loaded shared library C:\Program Files\Java\jdk-20\bin\sunmscapi.dll
Event: 3.928 Loaded shared library C:\Program Files\Java\jdk-20\bin\management.dll
Event: 3.930 Loaded shared library C:\Program Files\Java\jdk-20\bin\management_ext.dll
Event: 4.653 Loaded shared library C:\Program Files\Java\jdk-20\bin\verify.dll
Event: 5.007 Loaded shared library C:\Program Files\Java\jdk-20\bin\extnet.dll

Deoptimization events (20 events):
Event: 97.876 Thread 0x0000025c04dcd550 DEOPT PACKING pc=0x0000025c2c6c4bb0 sp=0x000000f09a2fb1e0
Event: 97.876 Thread 0x0000025c04dcd550 DEOPT UNPACKING pc=0x0000025c2bf6a4c2 sp=0x000000f09a2fa5f0 mode 1
Event: 97.908 Thread 0x0000025c04dcd550 DEOPT PACKING pc=0x0000025c2c6c4bb0 sp=0x000000f09a2f9db0
Event: 97.908 Thread 0x0000025c04dcd550 DEOPT UNPACKING pc=0x0000025c2bf6a4c2 sp=0x000000f09a2f91c0 mode 1
Event: 97.909 Thread 0x0000025c04dcd550 DEOPT PACKING pc=0x0000025c2c6c4bb0 sp=0x000000f09a2f9db0
Event: 97.909 Thread 0x0000025c04dcd550 DEOPT UNPACKING pc=0x0000025c2bf6a4c2 sp=0x000000f09a2f91c0 mode 1
Event: 97.914 Thread 0x0000025c04dcd550 DEOPT PACKING pc=0x0000025c2c6c4bb0 sp=0x000000f09a2fb600
Event: 97.914 Thread 0x0000025c04dcd550 DEOPT UNPACKING pc=0x0000025c2bf6a4c2 sp=0x000000f09a2faa10 mode 1
Event: 97.914 Thread 0x0000025c04dcd550 DEOPT PACKING pc=0x0000025c2c6c4bb0 sp=0x000000f09a2fb600
Event: 97.914 Thread 0x0000025c04dcd550 DEOPT UNPACKING pc=0x0000025c2bf6a4c2 sp=0x000000f09a2faa10 mode 1
Event: 97.914 Thread 0x0000025c04dcd550 DEOPT PACKING pc=0x0000025c2c6c4bb0 sp=0x000000f09a2fb770
Event: 97.914 Thread 0x0000025c04dcd550 DEOPT UNPACKING pc=0x0000025c2bf6a4c2 sp=0x000000f09a2fab80 mode 1
Event: 97.914 Thread 0x0000025c04dcd550 DEOPT PACKING pc=0x0000025c2c6c4bb0 sp=0x000000f09a2fb770
Event: 97.914 Thread 0x0000025c04dcd550 DEOPT UNPACKING pc=0x0000025c2bf6a4c2 sp=0x000000f09a2fab80 mode 1
Event: 97.918 Thread 0x0000025c04dcd550 DEOPT PACKING pc=0x0000025c2c6c4bb0 sp=0x000000f09a2fb600
Event: 97.918 Thread 0x0000025c04dcd550 DEOPT UNPACKING pc=0x0000025c2bf6a4c2 sp=0x000000f09a2faa10 mode 1
Event: 97.918 Thread 0x0000025c04dcd550 DEOPT PACKING pc=0x0000025c2c6c4bb0 sp=0x000000f09a2fb600
Event: 97.918 Thread 0x0000025c04dcd550 DEOPT UNPACKING pc=0x0000025c2bf6a4c2 sp=0x000000f09a2faa10 mode 1
Event: 117.994 Thread 0x0000025c04dcd550 DEOPT PACKING pc=0x0000025c2549d3cc sp=0x000000f09a2fd630
Event: 117.994 Thread 0x0000025c04dcd550 DEOPT UNPACKING pc=0x0000025c2bf6a4c2 sp=0x000000f09a2fcad8 mode 0

Classes loaded (20 events):
Event: 103.913 Loading class jakarta/persistence/EntityManager
Event: 103.913 Loading class jakarta/persistence/EntityManager done
Event: 103.917 Loading class org/springframework/util/MultiValueMap
Event: 103.917 Loading class org/springframework/util/MultiValueMap done
Event: 103.918 Loading class jakarta/persistence/Query
Event: 103.918 Loading class jakarta/persistence/Query done
Event: 103.919 Loading class org/hibernate/internal/util/collections/Stack
Event: 103.919 Loading class org/hibernate/internal/util/collections/Stack done
Event: 103.923 Loading class org/hibernate/event/spi/AutoFlushEvent
Event: 103.923 Loading class org/hibernate/event/spi/AutoFlushEvent done
Event: 103.923 Loading class org/hibernate/event/spi/AutoFlushEventListener
Event: 103.923 Loading class org/hibernate/event/spi/AutoFlushEventListener done
Event: 103.931 Loading class org/hibernate/sql/exec/spi/ExecutionContext
Event: 103.931 Loading class org/hibernate/sql/exec/spi/ExecutionContext done
Event: 103.931 Loading class org/hibernate/engine/spi/EntityHolder
Event: 103.931 Loading class org/hibernate/engine/spi/EntityHolder done
Event: 103.931 Loading class org/hibernate/engine/spi/EntityHolder
Event: 103.931 Loading class org/hibernate/engine/spi/EntityHolder done
Event: 103.933 Loading class org/springframework/data/repository/core/support/QueryExecutionResultHandler$ReturnTypeDescriptor
Event: 103.933 Loading class org/springframework/data/repository/core/support/QueryExecutionResultHandler$ReturnTypeDescriptor done

Classes unloaded (0 events):
No events

Classes redefined (0 events):
No events

Internal exceptions (20 events):
Event: 10.974 Thread 0x0000025c1b13d480 Exception <a 'java/lang/NoSuchMethodError'{0x0000000085a23c48}: 'java.lang.Object java.lang.invoke.DirectMethodHandle$Holder.newInvokeSpecial(java.lang.Object, java.lang.Object, java.lang.Object, java.lang.Object, java.lang.Object, java.lang.Object, java.lang.Object, java.lang.Object)'> (0x0000000085a23c48) 
thrown [s\open\src\hotspot\share\interpreter\linkResolver.cpp, line 773]
Event: 11.220 Thread 0x0000025c1b13d480 Exception <a 'java/lang/IncompatibleClassChangeError'{0x0000000085f2bf10}: Found class java.lang.Object, but interface was expected> (0x0000000085f2bf10) 
thrown [s\open\src\hotspot\share\interpreter\linkResolver.cpp, line 840]
Event: 11.266 Thread 0x0000025c1b13d480 Exception <a 'java/lang/NoSuchMethodError'{0x0000000085d08240}: 'void java.lang.invoke.DirectMethodHandle$Holder.invokeVirtual(java.lang.Object, java.lang.Object, long)'> (0x0000000085d08240) 
thrown [s\open\src\hotspot\share\interpreter\linkResolver.cpp, line 773]
Event: 11.340 Thread 0x0000025c1b13d480 Exception <a 'java/lang/NoSuchMethodError'{0x0000000085aaef08}: 'int java.lang.invoke.DirectMethodHandle$Holder.invokeStaticInit(java.lang.Object, java.lang.Object, java.lang.Object, java.lang.Object)'> (0x0000000085aaef08) 
thrown [s\open\src\hotspot\share\interpreter\linkResolver.cpp, line 773]
Event: 11.345 Thread 0x0000025c1b13d480 Implicit null exception at 0x0000025c2c67450f to 0x0000025c2c674d15
Event: 11.367 Thread 0x0000025c1b13d480 Exception <a 'java/lang/IncompatibleClassChangeError'{0x0000000085986c00}: Found class java.lang.Object, but interface was expected> (0x0000000085986c00) 
thrown [s\open\src\hotspot\share\interpreter\linkResolver.cpp, line 840]
Event: 11.378 Thread 0x0000025c1b13d480 Implicit null exception at 0x0000025c2c5e8bcb to 0x0000025c2c5e8e64
Event: 11.496 Thread 0x0000025c1b13d480 Exception <a 'java/lang/NoSuchMethodError'{0x0000000085cf30c8}: 'java.lang.Object java.lang.invoke.DirectMethodHandle$Holder.newInvokeSpecial(java.lang.Object, java.lang.Object, int, java.lang.Object, java.lang.Object)'> (0x0000000085cf30c8) 
thrown [s\open\src\hotspot\share\interpreter\linkResolver.cpp, line 773]
Event: 11.497 Thread 0x0000025c1b13d480 Exception <a 'java/lang/NoSuchMethodError'{0x0000000085cfe2c8}: 'java.lang.Object java.lang.invoke.DirectMethodHandle$Holder.invokeSpecial(java.lang.Object, java.lang.Object, int, java.lang.Object, int, java.lang.Object)'> (0x0000000085cfe2c8) 
thrown [s\open\src\hotspot\share\interpreter\linkResolver.cpp, line 773]
Event: 11.497 Thread 0x0000025c1b13d480 Exception <a 'java/lang/NoSuchMethodError'{0x0000000085b062d0}: 'java.lang.Object java.lang.invoke.DirectMethodHandle$Holder.newInvokeSpecial(java.lang.Object, java.lang.Object, int, java.lang.Object, int)'> (0x0000000085b062d0) 
thrown [s\open\src\hotspot\share\interpreter\linkResolver.cpp, line 773]
Event: 11.498 Thread 0x0000025c1b13d480 Exception <a 'java/lang/NoSuchMethodError'{0x0000000085b0a140}: 'java.lang.Object java.lang.invoke.DirectMethodHandle$Holder.invokeSpecial(java.lang.Object, java.lang.Object, java.lang.Object, int, java.lang.Object, int)'> (0x0000000085b0a140) 
thrown [s\open\src\hotspot\share\interpreter\linkResolver.cpp, line 773]
Event: 97.487 Thread 0x0000025c04dcd550 Exception <a 'java/lang/NoSuchMethodError'{0x000000008b108f40}: 'java.lang.Object java.lang.invoke.DirectMethodHandle$Holder.invokeSpecial(java.lang.Object, java.lang.Object, java.lang.Object, java.lang.Object, java.lang.Object, long)'> (0x000000008b108f40) 
thrown [s\open\src\hotspot\share\interpreter\linkResolver.cpp, line 773]
Event: 97.487 Thread 0x0000025c04dcd550 Exception <a 'java/lang/NoSuchMethodError'{0x000000008b10c700}: 'java.lang.Object java.lang.invoke.Invokers$Holder.linkToTargetMethod(java.lang.Object, java.lang.Object, java.lang.Object, long, java.lang.Object)'> (0x000000008b10c700) 
thrown [s\open\src\hotspot\share\interpreter\linkResolver.cpp, line 773]
Event: 97.624 Thread 0x0000025c04dcd550 Exception <a 'java/lang/NoSuchMethodError'{0x0000000087066c90}: 'void java.lang.invoke.Invokers$Holder.invokeExact_MT(java.lang.Object, java.lang.Object, int, java.lang.Object)'> (0x0000000087066c90) 
thrown [s\open\src\hotspot\share\interpreter\linkResolver.cpp, line 773]
Event: 97.663 Thread 0x0000025c04dcd550 Exception <a 'java/lang/NoSuchMethodError'{0x0000000086fd0088}: 'int java.lang.invoke.DirectMethodHandle$Holder.invokeStatic(java.lang.Object, java.lang.Object, int, int)'> (0x0000000086fd0088) 
thrown [s\open\src\hotspot\share\interpreter\linkResolver.cpp, line 773]
Event: 97.843 Thread 0x0000025c04dcd550 Exception <a 'java/lang/NoSuchMethodError'{0x0000000085bb38a0}: 'void java.lang.invoke.DirectMethodHandle$Holder.invokeSpecialIFC(java.lang.Object, java.lang.Object, int, java.lang.Object, java.lang.Object, java.lang.Object, java.lang.Object)'> (0x0000000085bb38a0) 
thrown [s\open\src\hotspot\share\interpreter\linkResolver.cpp, line 773]
Event: 97.923 Thread 0x0000025c04dcd550 Exception <a 'java/lang/NoSuchMethodError'{0x000000008589f778}: 'int java.lang.invoke.DirectMethodHandle$Holder.invokeStatic(java.lang.Object, java.lang.Object, int, java.lang.Object)'> (0x000000008589f778) 
thrown [s\open\src\hotspot\share\interpreter\linkResolver.cpp, line 773]
Event: 97.926 Thread 0x0000025c04dcd550 Exception <a 'java/lang/IncompatibleClassChangeError'{0x00000000858c5200}: Found class java.lang.Object, but interface was expected> (0x00000000858c5200) 
thrown [s\open\src\hotspot\share\interpreter\linkResolver.cpp, line 840]
Event: 103.910 Thread 0x0000025c04dcd550 Exception <a 'java/lang/NoSuchMethodError'{0x00000000856799b8}: 'java.lang.Object java.lang.invoke.DirectMethodHandle$Holder.invokeInterface(java.lang.Object, java.lang.Object, java.lang.Object, java.lang.Object)'> (0x00000000856799b8) 
thrown [s\open\src\hotspot\share\interpreter\linkResolver.cpp, line 773]
Event: 103.931 Thread 0x0000025c04dcd550 Exception <a 'java/lang/IncompatibleClassChangeError'{0x000000008569e138}: Found class java.lang.Object, but interface was expected> (0x000000008569e138) 
thrown [s\open\src\hotspot\share\interpreter\linkResolver.cpp, line 840]

VM Operations (20 events):
Event: 109.307 Executing VM operation: get/set locals done
Event: 117.650 Executing VM operation: ChangeSingleStep
Event: 117.650 Executing VM operation: ChangeSingleStep done
Event: 117.650 Executing VM operation: ChangeSingleStep
Event: 117.650 Executing VM operation: ChangeSingleStep done
Event: 117.654 Executing VM operation: get/set locals
Event: 117.654 Executing VM operation: get/set locals done
Event: 117.994 Executing VM operation: ChangeSingleStep
Event: 117.994 Executing VM operation: ChangeSingleStep done
Event: 117.994 Executing VM operation: ChangeSingleStep
Event: 117.994 Executing VM operation: ChangeSingleStep done
Event: 117.997 Executing VM operation: get/set locals
Event: 117.997 Executing VM operation: get/set locals done
Event: 117.997 Executing VM operation: get/set locals
Event: 117.997 Executing VM operation: get/set locals done
Event: 117.999 Executing VM operation: get/set locals
Event: 117.999 Executing VM operation: get/set locals done
Event: 120.193 Executing VM operation: HandshakeAllThreads
Event: 120.193 Executing VM operation: HandshakeAllThreads done
Event: 124.218 Executing VM operation: ChangeBreakpoints

Events (20 events):
Event: 97.513 Thread 0x0000025c392bc520 flushing nmethod 0x0000025c24a53f90
Event: 97.513 Thread 0x0000025c392bc520 flushing nmethod 0x0000025c24a35710
Event: 97.513 Thread 0x0000025c392bc520 flushing nmethod 0x0000025c2c6fdc90
Event: 97.513 Thread 0x0000025c392bc520 flushing nmethod 0x0000025c2c7c5a90
Event: 97.513 Thread 0x0000025c392bc520 flushing nmethod 0x0000025c2c695d10
Event: 97.513 Thread 0x0000025c392bc520 flushing nmethod 0x0000025c2c783190
Event: 97.513 Thread 0x0000025c392bc520 flushing nmethod 0x0000025c2c693010
Event: 97.513 Thread 0x0000025c392bc520 flushing nmethod 0x0000025c2c691890
Event: 97.513 Thread 0x0000025c392bc520 flushing nmethod 0x0000025c2c63c590
Event: 97.513 Thread 0x0000025c392bc520 flushing nmethod 0x0000025c2c690710
Event: 97.513 Thread 0x0000025c392bc520 flushing nmethod 0x0000025c2c6df110
Event: 97.513 Thread 0x0000025c392bc520 flushing nmethod 0x0000025c2c67e390
Event: 97.513 Thread 0x0000025c392bc520 flushing nmethod 0x0000025c2c6c5310
Event: 97.513 Thread 0x0000025c392bc520 flushing nmethod 0x0000025c2c572f90
Event: 97.513 Thread 0x0000025c392bc520 flushing nmethod 0x0000025c2c513b10
Event: 97.649 Thread 0x0000025c01630a00 Thread added: 0x0000025c01630a00
Event: 97.820 Thread 0x0000025c01630a00 Thread exited: 0x0000025c01630a00
Event: 97.924 Thread 0x0000025c0162e8a0 Thread added: 0x0000025c0162e8a0
Event: 98.255 Thread 0x0000025c0162e8a0 Thread exited: 0x0000025c0162e8a0
Event: 124.217 Thread 0x0000025c7ef01080 Thread exited: 0x0000025c7ef01080


Dynamic libraries:
0x00007ff740a10000 - 0x00007ff740a20000 	C:\Program Files\Java\jdk-20\bin\java.exe
0x00007ffddef50000 - 0x00007ffddf166000 	C:\WINDOWS\SYSTEM32\ntdll.dll
0x00007ffddddd0000 - 0x00007ffddde94000 	C:\WINDOWS\System32\KERNEL32.DLL
0x00007ffddc5b0000 - 0x00007ffddc956000 	C:\WINDOWS\System32\KERNELBASE.dll
0x00007ffddcb50000 - 0x00007ffddcc61000 	C:\WINDOWS\System32\ucrtbase.dll
0x00007ffdb5740000 - 0x00007ffdb575b000 	C:\Program Files\Java\jdk-20\bin\VCRUNTIME140.dll
0x00007ffd9da70000 - 0x00007ffd9da89000 	C:\Program Files\Java\jdk-20\bin\jli.dll
0x00007ffddeba0000 - 0x00007ffddec52000 	C:\WINDOWS\System32\ADVAPI32.dll
0x00007ffdddea0000 - 0x00007ffdddf47000 	C:\WINDOWS\System32\msvcrt.dll
0x00007ffdddfe0000 - 0x00007ffdde088000 	C:\WINDOWS\System32\sechost.dll
0x00007ffddc4e0000 - 0x00007ffddc508000 	C:\WINDOWS\System32\bcrypt.dll
0x00007ffdddcb0000 - 0x00007ffddddc5000 	C:\WINDOWS\System32\RPCRT4.dll
0x00007ffddec60000 - 0x00007ffddee0d000 	C:\WINDOWS\System32\USER32.dll
0x00007ffddcc70000 - 0x00007ffddcc96000 	C:\WINDOWS\System32\win32u.dll
0x00007ffdbf320000 - 0x00007ffdbf5b3000 	C:\WINDOWS\WinSxS\amd64_microsoft.windows.common-controls_6595b64144ccf1df_6.0.22621.3235_none_270f74e173860f98\COMCTL32.dll
0x00007ffdddc10000 - 0x00007ffdddc39000 	C:\WINDOWS\System32\GDI32.dll
0x00007ffddc3c0000 - 0x00007ffddc4d8000 	C:\WINDOWS\System32\gdi32full.dll
0x00007ffddc510000 - 0x00007ffddc5aa000 	C:\WINDOWS\System32\msvcp_win.dll
0x00007ffdced90000 - 0x00007ffdced9a000 	C:\WINDOWS\SYSTEM32\VERSION.dll
0x00007ffddee60000 - 0x00007ffddee91000 	C:\WINDOWS\System32\IMM32.DLL
0x00007ffdb8ff0000 - 0x00007ffdb8ffc000 	C:\Program Files\Java\jdk-20\bin\vcruntime140_1.dll
0x00007ffd9c620000 - 0x00007ffd9c6ae000 	C:\Program Files\Java\jdk-20\bin\msvcp140.dll
0x00007ffd6c660000 - 0x00007ffd6d2f8000 	C:\Program Files\Java\jdk-20\bin\server\jvm.dll
0x00007ffdd3c60000 - 0x00007ffdd3c94000 	C:\WINDOWS\SYSTEM32\WINMM.dll
0x00007ffd8ed50000 - 0x00007ffd8ed59000 	C:\WINDOWS\SYSTEM32\WSOCK32.dll
0x00007ffdddf60000 - 0x00007ffdddfd1000 	C:\WINDOWS\System32\WS2_32.dll
0x00007ffddb3c0000 - 0x00007ffddb3d8000 	C:\WINDOWS\SYSTEM32\kernel.appcore.dll
0x00007ffd9e380000 - 0x00007ffd9e38a000 	C:\Program Files\Java\jdk-20\bin\jimage.dll
0x00007ffdce580000 - 0x00007ffdce7b3000 	C:\WINDOWS\SYSTEM32\DBGHELP.DLL
0x00007ffddd580000 - 0x00007ffddd908000 	C:\WINDOWS\System32\combase.dll
0x00007ffddd910000 - 0x00007ffddd9e7000 	C:\WINDOWS\System32\OLEAUT32.dll
0x00007ffdb85f0000 - 0x00007ffdb8622000 	C:\WINDOWS\SYSTEM32\dbgcore.DLL
0x00007ffddcad0000 - 0x00007ffddcb4a000 	C:\WINDOWS\System32\bcryptPrimitives.dll
0x00007ffda84c0000 - 0x00007ffda84fc000 	C:\Program Files\Java\jdk-20\bin\jdwp.dll
0x00007ffdd6860000 - 0x00007ffdd686e000 	C:\Program Files\Java\jdk-20\bin\instrument.dll
0x00007ffd9da40000 - 0x00007ffd9da66000 	C:\Program Files\Java\jdk-20\bin\java.dll
0x00007ffd9c4b0000 - 0x00007ffd9c4c8000 	C:\Program Files\Java\jdk-20\bin\zip.dll
0x00007ffd9c540000 - 0x00007ffd9c617000 	C:\Program Files\Java\jdk-20\bin\jsvml.dll
0x00007ffdde190000 - 0x00007ffdde9ed000 	C:\WINDOWS\System32\SHELL32.dll
0x00007ffdda200000 - 0x00007ffddaaf8000 	C:\WINDOWS\SYSTEM32\windows.storage.dll
0x00007ffdda0c0000 - 0x00007ffdda1fe000 	C:\WINDOWS\SYSTEM32\wintypes.dll
0x00007ffdde9f0000 - 0x00007ffddeae3000 	C:\WINDOWS\System32\SHCORE.dll
0x00007ffddeea0000 - 0x00007ffddeefe000 	C:\WINDOWS\System32\shlwapi.dll
0x00007ffddc1c0000 - 0x00007ffddc1e6000 	C:\WINDOWS\SYSTEM32\profapi.dll
0x00007ffdd6850000 - 0x00007ffdd685c000 	C:\Program Files\Java\jdk-20\bin\dt_socket.dll
0x00007ffddadd0000 - 0x00007ffddadfd000 	C:\WINDOWS\SYSTEM32\IPHLPAPI.DLL
0x00007ffddb840000 - 0x00007ffddb8a9000 	C:\WINDOWS\system32\mswsock.dll
0x00007ffd9c4f0000 - 0x00007ffd9c503000 	C:\Program Files\Java\jdk-20\bin\net.dll
0x00007ffdd5f20000 - 0x00007ffdd6057000 	C:\WINDOWS\SYSTEM32\WINHTTP.dll
0x00007ffd9c4d0000 - 0x00007ffd9c4e6000 	C:\Program Files\Java\jdk-20\bin\nio.dll
0x00007ffdba750000 - 0x00007ffdba75e000 	C:\Program Files\Java\jdk-20\bin\sunmscapi.dll
0x00007ffddc960000 - 0x00007ffddcac6000 	C:\WINDOWS\System32\CRYPT32.dll
0x00007ffddbc50000 - 0x00007ffddbc7e000 	C:\WINDOWS\SYSTEM32\ncrypt.dll
0x00007ffddbc10000 - 0x00007ffddbc47000 	C:\WINDOWS\SYSTEM32\NTASN1.dll
0x00007ffddbaa0000 - 0x00007ffddbabb000 	C:\WINDOWS\SYSTEM32\CRYPTSP.dll
0x00007ffddb320000 - 0x00007ffddb355000 	C:\WINDOWS\system32\rsaenh.dll
0x00007ffddb930000 - 0x00007ffddb95c000 	C:\WINDOWS\SYSTEM32\USERENV.dll
0x00007ffddba90000 - 0x00007ffddba9c000 	C:\WINDOWS\SYSTEM32\CRYPTBASE.dll
0x00007ffdddca0000 - 0x00007ffdddca9000 	C:\WINDOWS\System32\NSI.dll
0x00007ffdd5e10000 - 0x00007ffdd5e29000 	C:\WINDOWS\SYSTEM32\dhcpcsvc6.DLL
0x00007ffdd5da0000 - 0x00007ffdd5dbf000 	C:\WINDOWS\SYSTEM32\dhcpcsvc.DLL
0x00007ffddae00000 - 0x00007ffddaef9000 	C:\WINDOWS\SYSTEM32\DNSAPI.dll
0x00007ffdd6840000 - 0x00007ffdd684a000 	C:\Program Files\Java\jdk-20\bin\management.dll
0x00007ffdd5f10000 - 0x00007ffdd5f1b000 	C:\Program Files\Java\jdk-20\bin\management_ext.dll
0x00007ffddd420000 - 0x00007ffddd428000 	C:\WINDOWS\System32\PSAPI.DLL
0x00007ffd9bd40000 - 0x00007ffd9bd50000 	C:\Program Files\Java\jdk-20\bin\verify.dll
0x00007ffdcd500000 - 0x00007ffdcd50a000 	C:\Windows\System32\rasadhlp.dll
0x00007ffdd2410000 - 0x00007ffdd2493000 	C:\WINDOWS\System32\fwpuclnt.dll
0x00007ffd9e0e0000 - 0x00007ffd9e0e7000 	C:\Program Files\Java\jdk-20\bin\extnet.dll
0x00007ffdb57e0000 - 0x00007ffdb57e8000 	C:\WINDOWS\system32\wshunix.dll

dbghelp: loaded successfully - version: 4.0.5 - missing functions: none
symbol engine: initialized successfully - sym options: 0x614 - pdb path: .;C:\Program Files\Java\jdk-20\bin;C:\WINDOWS\SYSTEM32;C:\WINDOWS\WinSxS\amd64_microsoft.windows.common-controls_6595b64144ccf1df_6.0.22621.3235_none_270f74e173860f98;C:\Program Files\Java\jdk-20\bin\server

VM Arguments:
jvm_args: -agentlib:jdwp=transport=dt_socket,address=127.0.0.1:56354,suspend=y,server=n -javaagent:C:\Users\shaan\AppData\Local\JetBrains\IdeaIC2023.2\captureAgent\debugger-agent.jar -Dfile.encoding=UTF-8 -Dsun.stdout.encoding=UTF-8 -Dsun.stderr.encoding=UTF-8 
java_command: com.archie.BookMyShow.BookMyShowApplication
java_class_path (initial): C:\Users\Archie\downloads\BookMyShow\BookMyShow\target\classes;C:\Users\Archie\.m2\repository\org\springframework\boot\spring-boot-starter-data-jpa\3.2.4\spring-boot-starter-data-jpa-3.2.4.jar;C:\Users\Archie\.m2\repository\org\springframework\boot\spring-boot-starter-aop\3.2.4\spring-boot-starter-aop-3.2.4.jar;C:\Users\Archie\.m2\repository\org\aspectj\aspectjweaver\1.9.21\aspectjweaver-1.9.21.jar;C:\Users\Archie\.m2\repository\org\springframework\boot\spring-boot-starter-jdbc\3.2.4\spring-boot-starter-jdbc-3.2.4.jar;C:\Users\Archie\.m2\repository\com\zaxxer\HikariCP\5.0.1\HikariCP-5.0.1.jar;C:\Users\Archie\.m2\repository\org\springframework\spring-jdbc\6.1.5\spring-jdbc-6.1.5.jar;C:\Users\Archie\.m2\repository\org\hibernate\orm\hibernate-core\6.4.4.Final\hibernate-core-6.4.4.Final.jar;C:\Users\Archie\.m2\repository\jakarta\persistence\jakarta.persistence-api\3.1.0\jakarta.persistence-api-3.1.0.jar;C:\Users\Archie\.m2\repository\jakarta\transaction\jakarta.transaction-api\2.0.1\jakarta.transaction-api-2.0.1.jar;C:\Users\Archie\.m2\repository\org\jboss\logging\jboss-logging\3.5.3.Final\jboss-logging-3.5.3.Final.jar;C:\Users\Archie\.m2\repository\org\hibernate\common\hibernate-commons-annotations\6.0.6.Final\hibernate-commons-annotations-6.0.6.Final.jar;C:\Users\Archie\.m2\repository\io\smallrye\jandex\3.1.2\jandex-3.1.2.jar;C:\Users\Archie\.m2\repository\com\fasterxml\classmate\1.6.0\classmate-1.6.0.jar;C:\Users\Archie\.m2\repository\net\bytebuddy\byte-buddy\1.14.12\byte-buddy-1.14.12.jar;C:\Users\Archie\.m2\repository\org\glassfish\jaxb\jaxb-runtime\4.0.5\jaxb-runtime-4.0.5.jar;C:\Users\Archie\.m2\repository\org\glassfish\jaxb\jaxb-core\4.0.5\jaxb-core-4.0.5.jar;C:\Users\Archie\.m2\repository\org\eclipse\angus\angus-activation\2.0.2\angus-activation-2.0.2.jar;C:\Users\Archie\.m2\repository\org\glassfish\jaxb\txw2\4.0.5\txw2-4.0.5.jar;C:\Users\Archie\.m2\repository\com\sun\istack\istack-commons-runtime\4.1.2\istack-commons-runtime-4.1.2.jar;C:\Users\Archie\.m2\repository\jakarta\inject\jakarta.inject-api\2.0.1\jakarta.inject-api-2.0.1.jar;C:\Users\Archie\.m2\repository\org\antlr\antlr4-runtime\4.13.0\antlr4-runtime-4.13.0.jar;C:\Users\Archie\.m2\repository\org\springframework\data\spring-data-jpa\3.2.4\spring-data-jpa-3.2.4.jar;C:\Users\Archie\.m2\repository\org\springframework\data\spring-data-commons\3.2.4\spring-data-commons-3.2.4.jar;C:\Users\Archie\.m2\repository\org\springframework\spring-orm\6.1.5\spring-orm-6.1.5.jar;C:\Users\Archie\.m2\repository\org\springframework\spring-context\6.1.5\spring-context-6.1.5.jar;C:\Users\Archie\.m2\repository\org\springframework\spring-tx\6.1.5\spring-tx-6.1.5.jar;C:\Users\Archie\.m2\repository\org\springframework\spring-beans\6.1.5\spring-beans-6.1.5.jar;C:\Users\Archie\.m2\repository\jakarta\annotation\jakarta.annotation-api\2.1.1\jakarta.annotation-api-2.1.1.jar;C:\Users\Archie\.m2\repository\org\slf4j\slf4j-api\2.0.12\slf4j-api-2.0.12.jar;C:\Users\Archie\.m2\repository\org\springframework\spring-aspects\6.1.5\spring-aspects-6.1.5.jar;C:\Users\Archie\.m2\repository\org\springframework\boot\spring-boot-starter-security\3.2.4\spring-boot-starter-security-3.2.4.jar;C:\Users\Archie\.m2\repository\org\springframework\boot\spring-boot-starter\3.2.4\spring-boot-starter-3.2.4.jar;C:\Users\Archie\.m2\repository\org\springframework\boot\spring-boot\3.2.4\spring-boot-3.2.4.jar;C:\Users\Archie\.m2\repository\org\springframework\boot\spring-boot-autoconfigure\3.2.4\spring-boot-autoconfigure-3.2.4.jar;C:\Users\Archie\.m2\repository\org\springframework\boot\spring-boot-starter-logging\3.2.4\spring-boot-starter-logging-3.2.4.jar;C:\Users\Archie\.m2\repository\ch\qos\logback\logback-classic\1.4.14\logback-classic-1.4.14.jar;C:\Users\Archie\.m2\repository\ch\qos\logback\logback-core\1.4.14\logback-core-1.4.14.jar;C:\Users\Archie\.m2\repository\org\apache\logging\log4j\log4j-to-slf4j\2.21.1\log4j-to-slf4j-2.21.1.jar;C:\Users\Archie\.m2\repository\org\apache\logging\log4j\log4j-api\2.21.1\log4j-api-2.21.1.jar;C:\Users\Archie\.m2\repository\org\slf4j\jul-to-slf4j\2.0.12\jul-to-slf4j-2.0.12.jar;C:\Users\Archie\.m2\repository\org\yaml\snakeyaml\2.2\snakeyaml-2.2.jar;C:\Users\Archie\.m2\repository\org\springframework\spring-aop\6.1.5\spring-aop-6.1.5.jar;C:\Users\Archie\.m2\repository\org\springframework\security\spring-security-config\6.2.3\spring-security-config-6.2.3.jar;C:\Users\Archie\.m2\repository\org\springframework\security\spring-security-core\6.2.3\spring-security-core-6.2.3.jar;C:\Users\Archie\.m2\repository\org\springframework\security\spring-security-crypto\6.2.3\spring-security-crypto-6.2.3.jar;C:\Users\Archie\.m2\repository\org\springframework\security\spring-security-web\6.2.3\spring-security-web-6.2.3.jar;C:\Users\Archie\.m2\repository\org\springframework\spring-expression\6.1.5\spring-expression-6.1.5.jar;C:\Users\Archie\.m2\repository\org\springframework\boot\spring-boot-starter-web\3.2.4\spring-boot-starter-web-3.2.4.jar;C:\Users\Archie\.m2\repository\org\springframework\boot\spring-boot-starter-json\3.2.4\spring-boot-starter-json-3.2.4.jar;C:\Users\Archie\.m2\repository\com\fasterxml\jackson\core\jackson-databind\2.15.4\jackson-databind-2.15.4.jar;C:\Users\Archie\.m2\repository\com\fasterxml\jackson\core\jackson-annotations\2.15.4\jackson-annotations-2.15.4.jar;C:\Users\Archie\.m2\repository\com\fasterxml\jackson\core\jackson-core\2.15.4\jackson-core-2.15.4.jar;C:\Users\Archie\.m2\repository\com\fasterxml\jackson\datatype\jackson-datatype-jdk8\2.15.4\jackson-datatype-jdk8-2.15.4.jar;C:\Users\Archie\.m2\repository\com\fasterxml\jackson\datatype\jackson-datatype-jsr310\2.15.4\jackson-datatype-jsr310-2.15.4.jar;C:\Users\Archie\.m2\repository\com\fasterxml\jackson\module\jackson-module-parameter-names\2.15.4\jackson-module-parameter-names-2.15.4.jar;C:\Users\Archie\.m2\repository\org\springframework\boot\spring-boot-starter-tomcat\3.2.4\spring-boot-starter-tomcat-3.2.4.jar;C:\Users\Archie\.m2\repository\org\apache\tomcat\embed\tomcat-embed-core\10.1.19\tomcat-embed-core-10.1.19.jar;C:\Users\Archie\.m2\repository\org\apache\tomcat\embed\tomcat-embed-el\10.1.19\tomcat-embed-el-10.1.19.jar;C:\Users\Archie\.m2\repository\org\apache\tomcat\embed\tomcat-embed-websocket\10.1.19\tomcat-embed-websocket-10.1.19.jar;C:\Users\Archie\.m2\repository\org\springframework\spring-web\6.1.5\spring-web-6.1.5.jar;C:\Users\Archie\.m2\repository\io\micrometer\micrometer-observation\1.12.4\micrometer-observation-1.12.4.jar;C:\Users\Archie\.m2\repository\io\micrometer\micrometer-commons\1.12.4\micrometer-commons-1.12.4.jar;C:\Users\Archie\.m2\repository\org\springframework\spring-webmvc\6.1.5\spring-webmvc-6.1.5.jar;C:\Users\Archie\.m2\repository\com\mysql\mysql-connector-j\8.3.0\mysql-connector-j-8.3.0.jar;C:\Users\Archie\.m2\repository\org\projectlombok\lombok\1.18.30\lombok-1.18.30.jar;C:\Users\Archie\.m2\repository\jakarta\xml\bind\jakarta.xml.bind-api\4.0.2\jakarta.xml.bind-api-4.0.2.jar;C:\Users\Archie\.m2\repository\jakarta\activation\jakarta.activation-api\2.1.3\jakarta.activation-api-2.1.3.jar;C:\Users\Archie\.m2\repository\org\springframework\spring-core\6.1.5\spring-core-6.1.5.jar;C:\Users\Archie\.m2\repository\org\springframework\spring-jcl\6.1.5\spring-jcl-6.1.5.jar;C:\Program Files\JetBrains\IntelliJ IDEA Community Edition 2023.2.5\lib\idea_rt.jar
Launcher Type: SUN_STANDARD

[Global flags]
     intx CICompilerCount                          = 4                                         {product} {ergonomic}
     uint ConcGCThreads                            = 2                                         {product} {ergonomic}
     uint G1ConcRefinementThreads                  = 8                                         {product} {ergonomic}
   size_t G1HeapRegionSize                         = 1048576                                   {product} {ergonomic}
    uintx GCDrainStackTargetSize                   = 64                                        {product} {ergonomic}
   size_t InitialHeapSize                          = 132120576                                 {product} {ergonomic}
   size_t MarkStackSize                            = 4194304                                   {product} {ergonomic}
   size_t MaxHeapSize                              = 2092957696                                {product} {ergonomic}
   size_t MaxNewSize                               = 1255145472                                {product} {ergonomic}
   size_t MinHeapDeltaBytes                        = 1048576                                   {product} {ergonomic}
   size_t MinHeapSize                              = 8388608                                   {product} {ergonomic}
    uintx NonNMethodCodeHeapSize                   = 5839372                                {pd product} {ergonomic}
    uintx NonProfiledCodeHeapSize                  = 122909434                              {pd product} {ergonomic}
    uintx ProfiledCodeHeapSize                     = 122909434                              {pd product} {ergonomic}
    uintx ReservedCodeCacheSize                    = 251658240                              {pd product} {ergonomic}
     bool SegmentedCodeCache                       = true                                      {product} {ergonomic}
   size_t SoftMaxHeapSize                          = 2092957696                             {manageable} {ergonomic}
     bool UseCompressedClassPointers               = true                           {product lp64_product} {ergonomic}
     bool UseCompressedOops                        = true                           {product lp64_product} {ergonomic}
     bool UseG1GC                                  = true                                      {product} {ergonomic}
     bool UseLargePagesIndividualAllocation        = false                                  {pd product} {ergonomic}

Logging:
Log output configuration:
 #0: stdout all=warning uptime,level,tags foldmultilines=false
 #1: stderr all=off uptime,level,tags foldmultilines=false

Environment Variables:
PATH=C:\Program Files\Common Files\Oracle\Java\javapath;C:\WINDOWS\system32;C:\WINDOWS;C:\WINDOWS\System32\Wbem;C:\WINDOWS\System32\WindowsPowerShell\v1.0\;C:\WINDOWS\System32\OpenSSH\;C:\Program Files\PuTTY\;C:\Program Files\MySQL\MySQL Server 8.0\bin;C:\Program Files\nodejs\;C:\Program Files\Java\jdk-20\bin;C:\Program Files\Java\apache-maven-3.9.4\bin;C:\Program Files\Git\cmd;C:\Program Files\Git\bin;C:\apache-maven-3.9.5\bin;C:\Program Files\MySQL\MySQL Shell 8.0\bin\;C:\Users\shaan\AppData\Local\Microsoft\WindowsApps;C:\Users\shaan\AppData\Local\Programs\Microsoft VS Code\bin;C:\Program Files\JetBrains\IntelliJ IDEA Community Edition 2023.2.3\bin;;C:\Users\shaan\AppData\Roaming\npm;C:\Program Files\Java\jdk-20\bin;C:\Program Files\Java\apache-maven-3.9.4\bin;C:\Program Files\Git\bin;;C:\Program Files\JetBrains\DataGrip 2023.2.1\bin;
USERNAME=Archie
OS=Windows_NT
PROCESSOR_IDENTIFIER=Intel64 Family 6 Model 142 Stepping 12, GenuineIntel
TMP=C:\Users\shaan\AppData\Local\Temp
TEMP=C:\Users\shaan\AppData\Local\Temp




---------------  S Y S T E M  ---------------

OS:
 Windows 11 , 64 bit Build 22621 (10.0.22621.3235)
OS uptime: 0 days 6:56 hours

CPU: total 8 (initial active 8) (4 cores per cpu, 2 threads per core) family 6 model 142 stepping 12 microcode 0xde, cx8, cmov, fxsr, ht, mmx, 3dnowpref, sse, sse2, sse3, ssse3, sse4.1, sse4.2, popcnt, lzcnt, tsc, tscinvbit, avx, avx2, aes, erms, clmul, bmi1, bmi2, adx, fma, vzeroupper, clflush, clflushopt, rdtscp, f16c

Memory: 4k page, system-wide physical 7979M (625M free)
TotalPageFile size 17707M (AvailPageFile size 3623M)
current process WorkingSet (physical memory assigned to process): 224M, peak: 316M
current process commit charge ("private bytes"): 260M, peak: 352M

vm_info: Java HotSpot(TM) 64-Bit Server VM (20.0.2+9-78) for windows-amd64 JRE (20.0.2+9-78), built on 2023-06-14T10:08:48Z by "mach5one" with MS VC++ 17.1 (VS2022)

END.
